<?xml version="1.0" encoding="UTF-8"?>
<testng-results ignored="3" total="7" passed="4" failed="0" skipped="0">
  <reporter-output>
  </reporter-output>
  <suite started-at="2024-10-09T10:57:35 IST" name="Suite" finished-at="2024-10-09T10:57:35 IST" duration-ms="93">
    <groups>
      <group name="Sanity">
        <method signature="GroupTest1.checkDrafts()[pri:1, instance:RunMultipleGroups.GroupTest1@3514a4c0]" name="checkDrafts" class="RunMultipleGroups.GroupTest1"/>
        <method signature="GroupTest2.checkAccountDetails()[pri:3, instance:RunMultipleGroups.GroupTest2@429bffaa]" name="checkAccountDetails" class="RunMultipleGroups.GroupTest2"/>
        <method signature="GroupTest2.checkPromotions()[pri:2, instance:RunMultipleGroups.GroupTest2@429bffaa]" name="checkPromotions" class="RunMultipleGroups.GroupTest2"/>
      </group> <!-- Sanity -->
      <group name="Smoke">
        <method signature="GroupTest1.login_Account()[pri:0, instance:RunMultipleGroups.GroupTest1@3514a4c0]" name="login_Account" class="RunMultipleGroups.GroupTest1"/>
      </group> <!-- Smoke -->
    </groups>
    <test started-at="2024-10-09T10:57:35 IST" name="Sanity Testing" finished-at="2024-10-09T10:57:35 IST" duration-ms="93">
      <class name="RunMultipleGroups.GroupTest1">
        <test-method signature="login_Account()[pri:0, instance:RunMultipleGroups.GroupTest1@3514a4c0]" started-at="2024-10-09T10:57:35 IST" name="login_Account" finished-at="2024-10-09T10:57:35 IST" duration-ms="13" status="PASS">
          <reporter-output>
          </reporter-output>
        </test-method> <!-- login_Account -->
        <test-method signature="checkDrafts()[pri:1, instance:RunMultipleGroups.GroupTest1@3514a4c0]" started-at="2024-10-09T10:57:35 IST" name="checkDrafts" finished-at="2024-10-09T10:57:35 IST" depends-on-methods="RunMultipleGroups.GroupTest1.login_Account" duration-ms="0" status="PASS">
          <reporter-output>
          </reporter-output>
        </test-method> <!-- checkDrafts -->
      </class> <!-- RunMultipleGroups.GroupTest1 -->
      <class name="RunMultipleGroups.GroupTest2">
        <test-method signature="checkPromotions()[pri:2, instance:RunMultipleGroups.GroupTest2@429bffaa]" started-at="2024-10-09T10:57:35 IST" name="checkPromotions" finished-at="2024-10-09T10:57:35 IST" duration-ms="2" status="PASS">
          <reporter-output>
          </reporter-output>
        </test-method> <!-- checkPromotions -->
        <test-method signature="checkAccountDetails()[pri:3, instance:RunMultipleGroups.GroupTest2@429bffaa]" started-at="2024-10-09T10:57:35 IST" name="checkAccountDetails" finished-at="2024-10-09T10:57:35 IST" duration-ms="3" status="PASS">
          <reporter-output>
          </reporter-output>
        </test-method> <!-- checkAccountDetails -->
      </class> <!-- RunMultipleGroups.GroupTest2 -->
    </test> <!-- Sanity Testing -->
  </suite> <!-- Suite -->
</testng-results>
