<?xml version="1.0" encoding="UTF-8"?>
<!-- Generated by org.testng.reporters.JUnitXMLReporter -->
<testsuite ignored="2" hostname="LAPTOP-5TIT49CS" failures="0" tests="1" name="Default test" time="0.099" errors="0" timestamp="2024-10-09T10:57:17 IST">
  <testcase classname="RunMultipleGroups.GroupTest1" name="login_Account" time="0.02"/>
  <testcase classname="RunMultipleGroups.GroupTest1" name="checkMail" time="0.0">
    <ignored/>
  </testcase> <!-- checkMail -->
  <testcase classname="RunMultipleGroups.GroupTest1" name="checkDrafts" time="0.0">
    <ignored/>
  </testcase> <!-- checkDrafts -->
</testsuite> <!-- Default test -->
